This is pdfTeX, Version 3.14159265-2.6-1.40.19 (TeX Live 2018/W32TeX) (preloaded format=pdflatex 2018.12.2)  29 JAN 2019 23:23
entering extended mode
 restricted \write18 enabled.
 %&-line parsing enabled.
**a2.tex
(./a2.tex
LaTeX2e <2018-04-01> patch level 5
(d:/Program_Files/TexLive/texlive/2018/texmf-dist/tex/latex/base/article.cls
Document Class: article 2014/09/29 v1.4h Standard LaTeX document class
(d:/Program_Files/TexLive/texlive/2018/texmf-dist/tex/latex/base/size10.clo
File: size10.clo 2014/09/29 v1.4h Standard LaTeX file (size option)
)
\c@part=\count80
\c@section=\count81
\c@subsection=\count82
\c@subsubsection=\count83
\c@paragraph=\count84
\c@subparagraph=\count85
\c@figure=\count86
\c@table=\count87
\abovecaptionskip=\skip41
\belowcaptionskip=\skip42
\bibindent=\dimen102
)
(d:/Program_Files/TexLive/texlive/2018/texmf-dist/tex/latex/amsmath/amsmath.sty
Package: amsmath 2017/09/02 v2.17a AMS math features
\@mathmargin=\skip43
For additional information on amsmath, use the `?' option.

(d:/Program_Files/TexLive/texlive/2018/texmf-dist/tex/latex/amsmath/amstext.sty
Package: amstext 2000/06/29 v2.01 AMS text
(d:/Program_Files/TexLive/texlive/2018/texmf-dist/tex/latex/amsmath/amsgen.sty
File: amsgen.sty 1999/11/30 v2.0 generic functions
\@emptytoks=\toks14
\ex@=\dimen103
))
(d:/Program_Files/TexLive/texlive/2018/texmf-dist/tex/latex/amsmath/amsbsy.sty
Package: amsbsy 1999/11/29 v1.2d Bold Symbols
\pmbraise@=\dimen104
) (d:/Program_Files/TexLive/texlive/2018/texmf-dist/tex/latex/amsmath/amsopn.st
y
Package: amsopn 2016/03/08 v2.02 operator names
)
\inf@bad=\count88
LaTeX Info: Redefining \frac on input line 213.
\uproot@=\count89
\leftroot@=\count90
LaTeX Info: Redefining \overline on input line 375.
\classnum@=\count91
\DOTSCASE@=\count92
LaTeX Info: Redefining \ldots on input line 472.
LaTeX Info: Redefining \dots on input line 475.
LaTeX Info: Redefining \cdots on input line 596.
\Mathstrutbox@=\box26
\strutbox@=\box27
\big@size=\dimen105
LaTeX Font Info:    Redeclaring font encoding OML on input line 712.
LaTeX Font Info:    Redeclaring font encoding OMS on input line 713.
\macc@depth=\count93
\c@MaxMatrixCols=\count94
\dotsspace@=\muskip10
\c@parentequation=\count95
\dspbrk@lvl=\count96
\tag@help=\toks15
\row@=\count97
\column@=\count98
\maxfields@=\count99
\andhelp@=\toks16
\eqnshift@=\dimen106
\alignsep@=\dimen107
\tagshift@=\dimen108
\tagwidth@=\dimen109
\totwidth@=\dimen110
\lineht@=\dimen111
\@envbody=\toks17
\multlinegap=\skip44
\multlinetaggap=\skip45
\mathdisplay@stack=\toks18
LaTeX Info: Redefining \[ on input line 2817.
LaTeX Info: Redefining \] on input line 2818.
)
(d:/Program_Files/TexLive/texlive/2018/texmf-dist/tex/latex/geometry/geometry.s
ty
Package: geometry 2018/04/16 v5.8 Page Geometry

(d:/Program_Files/TexLive/texlive/2018/texmf-dist/tex/latex/graphics/keyval.sty
Package: keyval 2014/10/28 v1.15 key=value parser (DPC)
\KV@toks@=\toks19
)
(d:/Program_Files/TexLive/texlive/2018/texmf-dist/tex/generic/oberdiek/ifpdf.st
y
Package: ifpdf 2018/09/07 v3.3 Provides the ifpdf switch
)
(d:/Program_Files/TexLive/texlive/2018/texmf-dist/tex/generic/oberdiek/ifvtex.s
ty
Package: ifvtex 2016/05/16 v1.6 Detect VTeX and its facilities (HO)
Package ifvtex Info: VTeX not detected.
)
(d:/Program_Files/TexLive/texlive/2018/texmf-dist/tex/generic/ifxetex/ifxetex.s
ty
Package: ifxetex 2010/09/12 v0.6 Provides ifxetex conditional
)
\Gm@cnth=\count100
\Gm@cntv=\count101
\c@Gm@tempcnt=\count102
\Gm@bindingoffset=\dimen112
\Gm@wd@mp=\dimen113
\Gm@odd@mp=\dimen114
\Gm@even@mp=\dimen115
\Gm@layoutwidth=\dimen116
\Gm@layoutheight=\dimen117
\Gm@layouthoffset=\dimen118
\Gm@layoutvoffset=\dimen119
\Gm@dimlist=\toks20
)
(d:/Program_Files/TexLive/texlive/2018/texmf-dist/tex/latex/listings/listings.s
ty
\lst@mode=\count103
\lst@gtempboxa=\box28
\lst@token=\toks21
\lst@length=\count104
\lst@currlwidth=\dimen120
\lst@column=\count105
\lst@pos=\count106
\lst@lostspace=\dimen121
\lst@width=\dimen122
\lst@newlines=\count107
\lst@lineno=\count108
\lst@maxwidth=\dimen123

(d:/Program_Files/TexLive/texlive/2018/texmf-dist/tex/latex/listings/lstmisc.st
y
File: lstmisc.sty 2018/09/02 1.7 (Carsten Heinz)
\c@lstnumber=\count109
\lst@skipnumbers=\count110
\lst@framebox=\box29
)
(d:/Program_Files/TexLive/texlive/2018/texmf-dist/tex/latex/listings/listings.c
fg
File: listings.cfg 2018/09/02 1.7 listings configuration
))
Package: listings 2018/09/02 1.7 (Carsten Heinz)

No file a2.aux.
\openout1 = `a2.aux'.

LaTeX Font Info:    Checking defaults for OML/cmm/m/it on input line 11.
LaTeX Font Info:    ... okay on input line 11.
LaTeX Font Info:    Checking defaults for T1/cmr/m/n on input line 11.
LaTeX Font Info:    ... okay on input line 11.
LaTeX Font Info:    Checking defaults for OT1/cmr/m/n on input line 11.
LaTeX Font Info:    ... okay on input line 11.
LaTeX Font Info:    Checking defaults for OMS/cmsy/m/n on input line 11.
LaTeX Font Info:    ... okay on input line 11.
LaTeX Font Info:    Checking defaults for OMX/cmex/m/n on input line 11.
LaTeX Font Info:    ... okay on input line 11.
LaTeX Font Info:    Checking defaults for U/cmr/m/n on input line 11.
LaTeX Font Info:    ... okay on input line 11.
*geometry* driver: auto-detecting
*geometry* detected driver: pdftex
*geometry* verbose mode - [ preamble ] result:
* driver: pdftex
* paper: a4paper
* layout: <same size as paper>
* layoutoffset:(h,v)=(0.0pt,0.0pt)
* modes: 
* h-part:(L,W,R)=(56.9055pt, 483.69684pt, 56.90553pt)
* v-part:(T,H,B)=(56.9055pt, 731.23582pt, 56.90552pt)
* \paperwidth=597.50787pt
* \paperheight=845.04684pt
* \textwidth=483.69684pt
* \textheight=731.23582pt
* \oddsidemargin=-15.36449pt
* \evensidemargin=-15.36449pt
* \topmargin=-52.36449pt
* \headheight=12.0pt
* \headsep=25.0pt
* \topskip=10.0pt
* \footskip=30.0pt
* \marginparwidth=65.0pt
* \marginparsep=11.0pt
* \columnsep=10.0pt
* \skip\footins=9.0pt plus 4.0pt minus 2.0pt
* \hoffset=0.0pt
* \voffset=0.0pt
* \mag=1000
* \@twocolumnfalse
* \@twosidefalse
* \@mparswitchfalse
* \@reversemarginfalse
* (1in=72.27pt=25.4mm, 1cm=28.453pt)

\c@lstlisting=\count111
LaTeX Font Info:    Try loading font information for OMS+cmr on input line 51.
(d:/Program_Files/TexLive/texlive/2018/texmf-dist/tex/latex/base/omscmr.fd
File: omscmr.fd 2014/09/29 v2.5h Standard LaTeX font definitions
)
LaTeX Font Info:    Font shape `OMS/cmr/m/n' in size <10> not available
(Font)              Font shape `OMS/cmsy/m/n' tried instead on input line 51.

[1

{d:/Program_Files/TexLive/texlive/2018/texmf-var/fonts/map/pdftex/updmap/pdftex
.map}]
Overfull \hbox (2.20654pt too wide) in paragraph at lines 72--78
\OT1/cmr/bx/n/10 How: \OT1/cmr/m/n/10 We store an ex-tra in-for-ma-tion (at-tri
bute) called \OT1/cmr/bx/n/10 min \OT1/cmr/m/n/10 in each node,``a pointer to t
he left-most(bottom)
 []

[2]
LaTeX Font Info:    Try loading font information for OML+cmr on input line 127.

 (d:/Program_Files/TexLive/texlive/2018/texmf-dist/tex/latex/base/omlcmr.fd
File: omlcmr.fd 2014/09/29 v2.5h Standard LaTeX font definitions
)
LaTeX Font Info:    Font shape `OML/cmr/m/n' in size <10> not available
(Font)              Font shape `OML/cmm/m/it' tried instead on input line 127.
[3] (./a2.aux) ) 
Here is how much of TeX's memory you used:
 2985 strings out of 492639
 39317 string characters out of 6122616
 125457 words of memory out of 5000000
 6902 multiletter control sequences out of 15000+600000
 5712 words of font info for 21 fonts, out of 8000000 for 9000
 1141 hyphenation exceptions out of 8191
 27i,5n,32p,505b,1310s stack positions out of 5000i,500n,10000p,200000b,80000s
<d:/Program_Files/TexLive/texlive/2018/texmf-dist/fonts/type1/p
ublic/amsfonts/cm/cmbx10.pfb><d:/Program_Files/TexLive/texlive/2018/texmf-dist/
fonts/type1/public/amsfonts/cm/cmbx12.pfb><d:/Program_Files/TexLive/texlive/201
8/texmf-dist/fonts/type1/public/amsfonts/cm/cmbxti10.pfb><d:/Program_Files/TexL
ive/texlive/2018/texmf-dist/fonts/type1/public/amsfonts/cm/cmmi10.pfb><d:/Progr
am_Files/TexLive/texlive/2018/texmf-dist/fonts/type1/public/amsfonts/cm/cmmi7.p
fb><d:/Program_Files/TexLive/texlive/2018/texmf-dist/fonts/type1/public/amsfont
s/cm/cmr10.pfb><d:/Program_Files/TexLive/texlive/2018/texmf-dist/fonts/type1/pu
blic/amsfonts/cm/cmr7.pfb><d:/Program_Files/TexLive/texlive/2018/texmf-dist/fon
ts/type1/public/amsfonts/cm/cmsy10.pfb><d:/Program_Files/TexLive/texlive/2018/t
exmf-dist/fonts/type1/public/amsfonts/cm/cmsy7.pfb><d:/Program_Files/TexLive/te
xlive/2018/texmf-dist/fonts/type1/public/amsfonts/cm/cmti10.pfb>
Output written on a2.pdf (3 pages, 126294 bytes).
PDF statistics:
 54 PDF objects out of 1000 (max. 8388607)
 38 compressed objects within 1 object stream
 0 named destinations out of 1000 (max. 500000)
 1 words of extra memory for PDF output out of 10000 (max. 10000000)

